<?xml version="1.0" encoding="UTF-8"?>
<!-- Generated by org.testng.reporters.JUnitReportReporter -->
<testsuite skipped="0" hostname="DESKTOP-N7D0L45" name="practice.selenium.xpathPractice.NewTest" tests="1" failures="0" timestamp="24 Mar 2018 10:41:29 GMT" time="0.026" errors="0">
  <testcase name="f" time="0.026" classname="practice.selenium.xpathPractice.NewTest"/>
</testsuite> <!-- practice.selenium.xpathPractice.NewTest -->
